 Container traefik  Created
 Container pinggy  Created
 Container deepfix-deepfix-portal-api-1  Created
 Container deepfix-deepfix-portal-1  Created
 Container traefik  Starting
 Container traefik  Started
 Container deepfix-deepfix-portal-api-1  Starting
 Container pinggy  Starting
 Container pinggy  Started
 Container deepfix-deepfix-portal-api-1  Started
 Container deepfix-deepfix-portal-1  Starting
 Container deepfix-deepfix-portal-1  Started
 Network deepfix-network  Creating
 Network deepfix-network  Created
 Container traefik  Creating
 Container traefik  Created
 Container deepfix-deepfix-portal-api-1  Creating
 Container pinggy  Creating
 Container pinggy  Created
 Container deepfix-deepfix-portal-api-1  Created
 Container deepfix-deepfix-portal-1  Creating
 Container deepfix-deepfix-portal-1  Created
 Container traefik  Starting
 Container traefik  Started
 Container deepfix-deepfix-portal-api-1  Starting
 Container pinggy  Starting
 Container deepfix-deepfix-portal-api-1  Started
 Container pinggy  Started
 Container deepfix-deepfix-portal-1  Starting
 Container deepfix-deepfix-portal-1  Started
 Network deepfix-network  Creating
 Network deepfix-network  Created
 Container traefik  Creating
 Container traefik  Created
 Container pinggy  Creating
 Container deepfix-deepfix-portal-api-1  Creating
 Container pinggy  Created
 Container deepfix-deepfix-portal-api-1  Created
 Container deepfix-deepfix-portal-1  Creating
 Container deepfix-deepfix-portal-1  Created
 Container traefik  Starting
 Container traefik  Started
 Container deepfix-deepfix-portal-api-1  Starting
 Container pinggy  Starting
 Container pinggy  Started
 Container deepfix-deepfix-portal-api-1  Started
 Container deepfix-deepfix-portal-1  Starting
 Container deepfix-deepfix-portal-1  Started
